Determining if the pthread_create exist failed with the following output:
Change Dir: /home/nano/文档/fire/build/CMakeFiles/CMakeTmp

Run Build Command:"/usr/bin/make" "cmTC_5b27d/fast"
/usr/bin/make -f CMakeFiles/cmTC_5b27d.dir/build.make CMakeFiles/cmTC_5b27d.dir/build
make[1]: Entering directory '/home/nano/文档/fire/build/CMakeFiles/CMakeTmp'
Building C object CMakeFiles/cmTC_5b27d.dir/CheckSymbolExists.c.o
/usr/bin/cc    -o CMakeFiles/cmTC_5b27d.dir/CheckSymbolExists.c.o   -c /home/nano/文档/fire/build/CMakeFiles/CMakeTmp/CheckSymbolExists.c
Linking C executable cmTC_5b27d
/usr/bin/cmake -E cmake_link_script CMakeFiles/cmTC_5b27d.dir/link.txt --verbose=1
/usr/bin/cc      -rdynamic CMakeFiles/cmTC_5b27d.dir/CheckSymbolExists.c.o  -o cmTC_5b27d 
CMakeFiles/cmTC_5b27d.dir/CheckSymbolExists.c.o: In function `main':
CheckSymbolExists.c:(.text+0x14): undefined reference to `pthread_create'
CheckSymbolExists.c:(.text+0x18): undefined reference to `pthread_create'
collect2: error: ld returned 1 exit status
CMakeFiles/cmTC_5b27d.dir/build.make:97: recipe for target 'cmTC_5b27d' failed
make[1]: *** [cmTC_5b27d] Error 1
make[1]: Leaving directory '/home/nano/文档/fire/build/CMakeFiles/CMakeTmp'
Makefile:126: recipe for target 'cmTC_5b27d/fast' failed
make: *** [cmTC_5b27d/fast] Error 2

File /home/nano/文档/fire/build/CMakeFiles/CMakeTmp/CheckSymbolExists.c:
/* */
#include <pthread.h>

int main(int argc, char** argv)
{
  (void)argv;
#ifndef pthread_create
  return ((int*)(&pthread_create))[argc];
#else
  (void)argc;
  return 0;
#endif
}

Determining if the function pthread_create exists in the pthreads failed with the following output:
Change Dir: /home/nano/文档/fire/build/CMakeFiles/CMakeTmp

Run Build Command:"/usr/bin/make" "cmTC_136c4/fast"
/usr/bin/make -f CMakeFiles/cmTC_136c4.dir/build.make CMakeFiles/cmTC_136c4.dir/build
make[1]: Entering directory '/home/nano/文档/fire/build/CMakeFiles/CMakeTmp'
Building C object CMakeFiles/cmTC_136c4.dir/CheckFunctionExists.c.o
/usr/bin/cc   -DCHECK_FUNCTION_EXISTS=pthread_create   -o CMakeFiles/cmTC_136c4.dir/CheckFunctionExists.c.o   -c /usr/share/cmake-3.10/Modules/CheckFunctionExists.c
Linking C executable cmTC_136c4
/usr/bin/cmake -E cmake_link_script CMakeFiles/cmTC_136c4.dir/link.txt --verbose=1
/usr/bin/cc  -DCHECK_FUNCTION_EXISTS=pthread_create    -rdynamic CMakeFiles/cmTC_136c4.dir/CheckFunctionExists.c.o  -o cmTC_136c4 -lpthreads 
/usr/bin/ld: cannot find -lpthreads
collect2: error: ld returned 1 exit status
CMakeFiles/cmTC_136c4.dir/build.make:97: recipe for target 'cmTC_136c4' failed
make[1]: *** [cmTC_136c4] Error 1
make[1]: Leaving directory '/home/nano/文档/fire/build/CMakeFiles/CMakeTmp'
Makefile:126: recipe for target 'cmTC_136c4/fast' failed
make: *** [cmTC_136c4/fast] Error 2


